INFO  05:13:47 Application started. Press Ctrl+C to shut down.
INFO  05:13:48 Hosting environment: Development
INFO  05:13:48 Content root path: C:\Users\2064626\source\ProceedToBuy
INFO  10:44:12 Application started. Press Ctrl+C to shut down.
INFO  10:44:12 Hosting environment: Development
INFO  10:44:12 Content root path: C:\Users\2064626\source\ProceedToBuy
INFO  10:44:47 Getting Started
INFO  10:59:27 Getting Started
INFO  11:00:06 Getting Started
INFO  11:00:07 Adding to Cart
INFO  11:05:02 Getting Started
INFO  11:06:41 Getting Started
INFO  11:06:41 Adding to Cart
INFO  07:38:33 Application started. Press Ctrl+C to shut down.
INFO  07:38:33 Hosting environment: Development
INFO  07:38:33 Content root path: C:\Users\2064626\source\ProceedToBuy
INFO  07:40:00 Getting Started
INFO  07:41:11 Getting Started
INFO  07:41:11 Adding to Cart
INFO  07:45:10 Getting Started
INFO  07:45:11 Adding to Cart
INFO  07:55:51 Getting Started
INFO  07:55:51 Adding to Cart
INFO  08:12:54 Application started. Press Ctrl+C to shut down.
INFO  08:12:54 Hosting environment: Development
INFO  08:12:54 Content root path: C:\Users\2064626\source\ProceedToBuy
INFO  08:13:05 Getting Started
INFO  08:13:56 Getting Started
INFO  08:13:57 Adding to Cart
INFO  08:16:22 Getting Started
INFO  08:17:16 Getting Started
